<?xml version="1.0" encoding="utf-8"?>
<coverage line-rate="0.5858" branch-rate="0.85" version="1.9" timestamp="1617772529" lines-covered="58" lines-valid="99" branches-covered="17" branches-valid="20">
  <sources>
    <source>C:\TESTES\GFT\GFT.API\</source>
  </sources>
  <packages>
    <package name="GFT.API" line-rate="0.5858" branch-rate="0.85" complexity="30">
      <classes>
        <class name="GFT.API.Program" filename="Program.cs" line-rate="0" branch-rate="1" complexity="2">
          <methods>
            <method name="Main" signature="(System.String[])" line-rate="0" branch-rate="1" complexity="1">
              <lines>
                <line number="15" hits="0" branch="False" />
                <line number="16" hits="0" branch="False" />
                <line number="17" hits="0" branch="False" />
              </lines>
            </method>
            <method name="CreateHostBuilder" signature="(System.String[])" line-rate="0" branch-rate="1" complexity="1">
              <lines>
                <line number="20" hits="0" branch="False" />
                <line number="21" hits="0" branch="False" />
                <line number="22" hits="0" branch="False" />
                <line number="23" hits="0" branch="False" />
                <line number="24" hits="0" branch="False" />
              </lines>
            </method>
          </methods>
          <lines>
            <line number="15" hits="0" branch="False" />
            <line number="16" hits="0" branch="False" />
            <line number="17" hits="0" branch="False" />
            <line number="20" hits="0" branch="False" />
            <line number="21" hits="0" branch="False" />
            <line number="22" hits="0" branch="False" />
            <line number="23" hits="0" branch="False" />
            <line number="24" hits="0" branch="False" />
          </lines>
        </class>
        <class name="GFT.API.Startup" filename="Startup.cs" line-rate="0" branch-rate="0" complexity="5">
          <methods>
            <method name="get_Configuration" signature="()" line-rate="0" branch-rate="1" complexity="1">
              <lines>
                <line number="23" hits="0" branch="False" />
              </lines>
            </method>
            <method name="ConfigureServices" signature="(Microsoft.Extensions.DependencyInjection.IServiceCollection)" line-rate="0" branch-rate="1" complexity="1">
              <lines>
                <line number="27" hits="0" branch="False" />
                <line number="28" hits="0" branch="False" />
                <line number="29" hits="0" branch="False" />
              </lines>
            </method>
            <method name="Configure" signature="(Microsoft.AspNetCore.Builder.IApplicationBuilder,Microsoft.AspNetCore.Hosting.IWebHostEnvironment)" line-rate="0" branch-rate="0" complexity="2">
              <lines>
                <line number="33" hits="0" branch="False" />
                <line number="34" hits="0" branch="True" condition-coverage="0% (0/2)">
                  <conditions>
                    <condition number="9" type="jump" coverage="0%" />
                  </conditions>
                </line>
                <line number="35" hits="0" branch="False" />
                <line number="36" hits="0" branch="False" />
                <line number="37" hits="0" branch="False" />
                <line number="39" hits="0" branch="False" />
                <line number="41" hits="0" branch="False" />
                <line number="43" hits="0" branch="False" />
                <line number="45" hits="0" branch="False" />
                <line number="46" hits="0" branch="False" />
                <line number="47" hits="0" branch="False" />
                <line number="48" hits="0" branch="False" />
                <line number="49" hits="0" branch="False" />
              </lines>
            </method>
            <method name=".ctor" signature="(Microsoft.Extensions.Configuration.IConfiguration)" line-rate="0" branch-rate="1" complexity="1">
              <lines>
                <line number="18" hits="0" branch="False" />
                <line number="19" hits="0" branch="False" />
                <line number="20" hits="0" branch="False" />
                <line number="21" hits="0" branch="False" />
              </lines>
            </method>
          </methods>
          <lines>
            <line number="23" hits="0" branch="False" />
            <line number="27" hits="0" branch="False" />
            <line number="28" hits="0" branch="False" />
            <line number="29" hits="0" branch="False" />
            <line number="33" hits="0" branch="False" />
            <line number="34" hits="0" branch="True" condition-coverage="0% (0/2)">
              <conditions>
                <condition number="9" type="jump" coverage="0%" />
              </conditions>
            </line>
            <line number="35" hits="0" branch="False" />
            <line number="36" hits="0" branch="False" />
            <line number="37" hits="0" branch="False" />
            <line number="39" hits="0" branch="False" />
            <line number="41" hits="0" branch="False" />
            <line number="43" hits="0" branch="False" />
            <line number="45" hits="0" branch="False" />
            <line number="46" hits="0" branch="False" />
            <line number="47" hits="0" branch="False" />
            <line number="48" hits="0" branch="False" />
            <line number="49" hits="0" branch="False" />
            <line number="18" hits="0" branch="False" />
            <line number="19" hits="0" branch="False" />
            <line number="20" hits="0" branch="False" />
            <line number="21" hits="0" branch="False" />
          </lines>
        </class>
        <class name="GFT.API.Entity.Dish" filename="Entity\Dish.cs" line-rate="0.7272" branch-rate="1" complexity="4">
          <methods>
            <method name="get_Daytime" signature="()" line-rate="1" branch-rate="1" complexity="1">
              <lines>
                <line number="12" hits="33" branch="False" />
              </lines>
            </method>
            <method name="MeuMetodo" signature="()" line-rate="0" branch-rate="1" complexity="1">
              <lines>
                <line number="23" hits="0" branch="False" />
                <line number="24" hits="0" branch="False" />
                <line number="25" hits="0" branch="False" />
              </lines>
            </method>
            <method name=".ctor" signature="(System.String)" line-rate="1" branch-rate="1" complexity="2">
              <lines>
                <line number="10" hits="8" branch="False" />
                <line number="14" hits="8" branch="False" />
                <line number="15" hits="8" branch="False" />
                <line number="16" hits="8" branch="False" />
                <line number="18" hits="8" branch="True" condition-coverage="100% (2/2)">
                  <conditions>
                    <condition number="78" type="jump" coverage="100%" />
                  </conditions>
                </line>
                <line number="19" hits="1" branch="False" />
                <line number="20" hits="7" branch="False" />
              </lines>
            </method>
          </methods>
          <lines>
            <line number="12" hits="33" branch="False" />
            <line number="23" hits="0" branch="False" />
            <line number="24" hits="0" branch="False" />
            <line number="25" hits="0" branch="False" />
            <line number="10" hits="8" branch="False" />
            <line number="14" hits="8" branch="False" />
            <line number="15" hits="8" branch="False" />
            <line number="16" hits="8" branch="False" />
            <line number="18" hits="8" branch="True" condition-coverage="100% (2/2)">
              <conditions>
                <condition number="78" type="jump" coverage="100%" />
              </conditions>
            </line>
            <line number="19" hits="1" branch="False" />
            <line number="20" hits="7" branch="False" />
          </lines>
        </class>
        <class name="GFT.API.Entity.Order" filename="Entity\Order.cs" line-rate="1" branch-rate="1" complexity="5">
          <methods>
            <method name="ToString" signature="()" line-rate="1" branch-rate="1" complexity="4">
              <lines>
                <line number="22" hits="6" branch="False" />
                <line number="23" hits="6" branch="False" />
                <line number="25" hits="32" branch="False" />
                <line number="26" hits="48" branch="True" condition-coverage="100% (2/2)">
                  <conditions>
                    <condition number="241" type="jump" coverage="100%" />
                  </conditions>
                </line>
                <line number="27" hits="16" branch="False" />
                <line number="28" hits="83" branch="False" />
                <line number="31" hits="16" branch="False" />
                <line number="32" hits="16" branch="True" condition-coverage="100% (2/2)">
                  <conditions>
                    <condition number="152" type="jump" coverage="100%" />
                  </conditions>
                </line>
                <line number="35" hits="8" branch="False" />
                <line number="36" hits="7" branch="False" />
                <line number="39" hits="8" branch="False" />
                <line number="40" hits="7" branch="False" />
                <line number="42" hits="14" branch="False" />
                <line number="43" hits="2" branch="False" />
                <line number="44" hits="2" branch="False" />
                <line number="45" hits="2" branch="False" />
                <line number="46" hits="2" branch="False" />
                <line number="48" hits="14" branch="False" />
                <line number="50" hits="6" branch="False" />
                <line number="51" hits="6" branch="False" />
              </lines>
            </method>
            <method name=".ctor" signature="(System.String)" line-rate="1" branch-rate="1" complexity="1">
              <lines>
                <line number="13" hits="8" branch="False" />
                <line number="14" hits="8" branch="False" />
                <line number="15" hits="8" branch="False" />
                <line number="17" hits="8" branch="False" />
                <line number="18" hits="7" branch="False" />
                <line number="19" hits="6" branch="False" />
              </lines>
            </method>
          </methods>
          <lines>
            <line number="22" hits="6" branch="False" />
            <line number="23" hits="6" branch="False" />
            <line number="25" hits="32" branch="False" />
            <line number="26" hits="48" branch="True" condition-coverage="100% (2/2)">
              <conditions>
                <condition number="241" type="jump" coverage="100%" />
              </conditions>
            </line>
            <line number="27" hits="16" branch="False" />
            <line number="28" hits="83" branch="False" />
            <line number="31" hits="16" branch="False" />
            <line number="32" hits="16" branch="True" condition-coverage="100% (2/2)">
              <conditions>
                <condition number="152" type="jump" coverage="100%" />
              </conditions>
            </line>
            <line number="35" hits="8" branch="False" />
            <line number="36" hits="7" branch="False" />
            <line number="39" hits="8" branch="False" />
            <line number="40" hits="7" branch="False" />
            <line number="42" hits="14" branch="False" />
            <line number="43" hits="2" branch="False" />
            <line number="44" hits="2" branch="False" />
            <line number="45" hits="2" branch="False" />
            <line number="46" hits="2" branch="False" />
            <line number="48" hits="14" branch="False" />
            <line number="50" hits="6" branch="False" />
            <line number="51" hits="6" branch="False" />
            <line number="13" hits="8" branch="False" />
            <line number="14" hits="8" branch="False" />
            <line number="15" hits="8" branch="False" />
            <line number="17" hits="8" branch="False" />
            <line number="18" hits="7" branch="False" />
            <line number="19" hits="6" branch="False" />
          </lines>
        </class>
        <class name="GFT.API.Entity.OrderItem" filename="Entity\OrderItem.cs" line-rate="0.96" branch-rate="0.9166" complexity="13">
          <methods>
            <method name="get_OrderItemsList" signature="()" line-rate="1" branch-rate="1" complexity="1">
              <lines>
                <line number="24" hits="55" branch="False" />
              </lines>
            </method>
            <method name="GetDescription" signature="(System.Int32,System.Int32)" line-rate="0.8887999999999999" branch-rate="0.875" complexity="8">
              <lines>
                <line number="47" hits="16" branch="False" />
                <line number="48" hits="16" branch="True" condition-coverage="50% (1/2)">
                  <conditions>
                    <condition number="27" type="jump" coverage="50%" />
                  </conditions>
                </line>
                <line number="49" hits="0" branch="False" />
                <line number="51" hits="16" branch="False" />
                <line number="53" hits="16" branch="True" condition-coverage="100% (4/4)">
                  <conditions>
                    <condition number="64" type="jump" coverage="100%" />
                    <condition number="86" type="jump" coverage="100%" />
                  </conditions>
                </line>
                <line number="54" hits="2" branch="False" />
                <line number="56" hits="14" branch="True" condition-coverage="100% (2/2)">
                  <conditions>
                    <condition number="101" type="jump" coverage="100%" />
                  </conditions>
                </line>
                <line number="57" hits="14" branch="False" />
                <line number="58" hits="14" branch="False" />
              </lines>
            </method>
            <method name=".ctor" signature="(System.Collections.Generic.IEnumerable`1&lt;System.String&gt;)" line-rate="1" branch-rate="1" complexity="4">
              <lines>
                <line number="26" hits="7" branch="False" />
                <line number="27" hits="7" branch="False" />
                <line number="28" hits="7" branch="False" />
                <line number="29" hits="7" branch="False" />
                <line number="30" hits="7" branch="False" />
                <line number="32" hits="7" branch="False" />
                <line number="33" hits="7" branch="False" />
                <line number="34" hits="7" branch="False" />
                <line number="35" hits="74" branch="True" condition-coverage="100% (2/2)">
                  <conditions>
                    <condition number="153" type="jump" coverage="100%" />
                  </conditions>
                </line>
                <line number="36" hits="27" branch="False" />
                <line number="39" hits="27" branch="True" condition-coverage="100% (2/2)">
                  <conditions>
                    <condition number="108" type="jump" coverage="100%" />
                  </conditions>
                </line>
                <line number="40" hits="1" branch="False" />
                <line number="42" hits="26" branch="False" />
                <line number="43" hits="26" branch="False" />
                <line number="44" hits="6" branch="False" />
              </lines>
            </method>
          </methods>
          <lines>
            <line number="24" hits="55" branch="False" />
            <line number="47" hits="16" branch="False" />
            <line number="48" hits="16" branch="True" condition-coverage="50% (1/2)">
              <conditions>
                <condition number="27" type="jump" coverage="50%" />
              </conditions>
            </line>
            <line number="49" hits="0" branch="False" />
            <line number="51" hits="16" branch="False" />
            <line number="53" hits="16" branch="True" condition-coverage="100% (4/4)">
              <conditions>
                <condition number="64" type="jump" coverage="100%" />
                <condition number="86" type="jump" coverage="100%" />
              </conditions>
            </line>
            <line number="54" hits="2" branch="False" />
            <line number="56" hits="14" branch="True" condition-coverage="100% (2/2)">
              <conditions>
                <condition number="101" type="jump" coverage="100%" />
              </conditions>
            </line>
            <line number="57" hits="14" branch="False" />
            <line number="58" hits="14" branch="False" />
            <line number="26" hits="7" branch="False" />
            <line number="27" hits="7" branch="False" />
            <line number="28" hits="7" branch="False" />
            <line number="29" hits="7" branch="False" />
            <line number="30" hits="7" branch="False" />
            <line number="32" hits="7" branch="False" />
            <line number="33" hits="7" branch="False" />
            <line number="34" hits="7" branch="False" />
            <line number="35" hits="74" branch="True" condition-coverage="100% (2/2)">
              <conditions>
                <condition number="153" type="jump" coverage="100%" />
              </conditions>
            </line>
            <line number="36" hits="27" branch="False" />
            <line number="39" hits="27" branch="True" condition-coverage="100% (2/2)">
              <conditions>
                <condition number="108" type="jump" coverage="100%" />
              </conditions>
            </line>
            <line number="40" hits="1" branch="False" />
            <line number="42" hits="26" branch="False" />
            <line number="43" hits="26" branch="False" />
            <line number="44" hits="6" branch="False" />
          </lines>
        </class>
        <class name="GFT.API.Controllers.OrderController" filename="Controllers\OrderController.cs" line-rate="0" branch-rate="1" complexity="1">
          <methods>
            <method name="Post" signature="(System.String)" line-rate="0" branch-rate="1" complexity="1">
              <lines>
                <line number="17" hits="0" branch="False" />
                <line number="19" hits="0" branch="False" />
                <line number="20" hits="0" branch="False" />
                <line number="21" hits="0" branch="False" />
                <line number="23" hits="0" branch="False" />
                <line number="24" hits="0" branch="False" />
                <line number="25" hits="0" branch="False" />
                <line number="27" hits="0" branch="False" />
              </lines>
            </method>
          </methods>
          <lines>
            <line number="17" hits="0" branch="False" />
            <line number="19" hits="0" branch="False" />
            <line number="20" hits="0" branch="False" />
            <line number="21" hits="0" branch="False" />
            <line number="23" hits="0" branch="False" />
            <line number="24" hits="0" branch="False" />
            <line number="25" hits="0" branch="False" />
            <line number="27" hits="0" branch="False" />
          </lines>
        </class>
      </classes>
    </package>
  </packages>
</coverage>